<?xml version="1.0" encoding="UTF-8"?>
<!-- Generated by org.testng.reporters.JUnitReportReporter -->
<testsuite hostname="KareemYasser" failures="0" tests="3" name="baimsLogin.Login" time="159.111" errors="0" timestamp="2022-05-17T12:15:50 EET" skipped="0">
  <testcase classname="baimsLogin.Login" name="ValidGmail" time="60.987"/>
  <system-out/>
  <testcase classname="baimsLogin.Login" name="InvalidGmail" time="42.257"/>
  <system-out/>
  <testcase classname="baimsLogin.Login" name="InvalidGPassword" time="55.867"/>
  <system-out/>
</testsuite> <!-- baimsLogin.Login -->
