<?xml version="1.0" encoding="UTF-8"?>
<!-- Generated by org.testng.reporters.JUnitReportReporter -->
<testsuite hostname="KareemYasser" failures="0" tests="1" name="baimsLogin.LoginFun" time="41.377" errors="0" timestamp="2022-05-05T04:56:08 EET" skipped="0">
  <testcase classname="baimsLogin.LoginFun" name="ValidGmail" time="41.377"/>
  <system-out/>
</testsuite> <!-- baimsLogin.LoginFun -->
