<?xml version="1.0" encoding="UTF-8"?>
<!-- Generated by org.testng.reporters.JUnitReportReporter -->
<testsuite hostname="KareemYasser" failures="0" tests="1" name="baimsLogin.Login_Methods" time="53.312" errors="0" timestamp="2022-05-05T01:54:01 EET" skipped="0">
  <testcase classname="baimsLogin.Login_Methods" name="OpenBrowser" time="53.312"/>
  <system-out/>
</testsuite> <!-- baimsLogin.Login_Methods -->
