<?xml version="1.0" encoding="UTF-8"?>
<!-- Generated by org.testng.reporters.JUnitReportReporter -->
<testsuite hostname="KareemYasser" failures="0" tests="1" name="baimsLogin.PreLogin" time="8.306" errors="0" timestamp="2022-05-05T04:32:55 EET" skipped="0">
  <testcase classname="baimsLogin.PreLogin" name="Login" time="8.306"/>
  <system-out/>
</testsuite> <!-- baimsLogin.PreLogin -->
